  main.cpp
C:\Users\Dima\Desktop\OP_LABS\Laboratorna6\Laboratorna6\hashtable.h(152,19): warning C4267: инициализация: преобразование из "size_t" в "int"; возможна потеря данных
C:\Users\Dima\Desktop\OP_LABS\Laboratorna6\Laboratorna6\hashtable.h(151,10): message : во время компиляции функции-члена класс шаблон "void HashTable<double,char>::remove(const K &)"
          with
          [
              K=double
          ]
C:\Users\Dima\Desktop\OP_LABS\Laboratorna6\Laboratorna6\hashtable.h(258,23): message : см. первую ссылку на "HashTable<double,char>::remove" в "HashTable<double,char>::interface"
C:\Users\Dima\Desktop\OP_LABS\Laboratorna6\Laboratorna6\main.cpp(35,21): message : см. первую ссылку на "HashTable<double,char>::interface" в "main"
C:\Users\Dima\Desktop\OP_LABS\Laboratorna6\Laboratorna6\main.cpp(34,40): message : выполняется компиляция ссылки на экземпляр класс шаблон функции "HashTable<double,char>"
C:\Users\Dima\Desktop\OP_LABS\Laboratorna6\Laboratorna6\hashtable.h(138,19): warning C4267: инициализация: преобразование из "size_t" в "int"; возможна потеря данных
C:\Users\Dima\Desktop\OP_LABS\Laboratorna6\Laboratorna6\hashtable.h(137,8): message : во время компиляции функции-члена класс шаблон "V *HashTable<double,V>::search(const K &) const"
          with
          [
              V=char,
              K=double
          ]
C:\Users\Dima\Desktop\OP_LABS\Laboratorna6\Laboratorna6\hashtable.h(246,26): message : см. первую ссылку на "HashTable<double,char>::search" в "HashTable<double,char>::interface"
C:\Users\Dima\Desktop\OP_LABS\Laboratorna6\Laboratorna6\main.cpp(35,21): message : см. первую ссылку на "HashTable<double,char>::interface" в "main"
C:\Users\Dima\Desktop\OP_LABS\Laboratorna6\Laboratorna6\hashtable.h(121,19): warning C4267: инициализация: преобразование из "size_t" в "int"; возможна потеря данных
C:\Users\Dima\Desktop\OP_LABS\Laboratorna6\Laboratorna6\hashtable.h(120,10): message : во время компиляции функции-члена класс шаблон "void HashTable<double,char>::insert(const K &,const V &)"
          with
          [
              K=double,
              V=char
          ]
C:\Users\Dima\Desktop\OP_LABS\Laboratorna6\Laboratorna6\hashtable.h(239,23): message : см. первую ссылку на "HashTable<double,char>::insert" в "HashTable<double,char>::interface"
C:\Users\Dima\Desktop\OP_LABS\Laboratorna6\Laboratorna6\main.cpp(35,21): message : см. первую ссылку на "HashTable<double,char>::interface" в "main"
  Laboratorna6.vcxproj -> C:\Users\Dima\Desktop\OP_LABS\Laboratorna6\x64\Debug\Laboratorna6.exe
